<?xml version="1.0" encoding="UTF-8"?>
<testng-results ignored="0" total="1" passed="1" failed="0" skipped="0">
  <reporter-output>
  </reporter-output>
  <suite started-at="2023-07-16T16:59:02 IST" name="Default suite" finished-at="2023-07-16T16:59:05 IST" duration-ms="2403">
    <groups>
    </groups>
    <test started-at="2023-07-16T16:59:02 IST" name="Default test" finished-at="2023-07-16T16:59:05 IST" duration-ms="2403">
      <class name="com.RestAPI.DeleteRequest">
        <test-method signature="deleteUser()[pri:0, instance:com.RestAPI.DeleteRequest@2892dae4]" started-at="2023-07-16T16:59:02 IST" name="deleteUser" finished-at="2023-07-16T16:59:05 IST" duration-ms="2366" status="PASS">
          <reporter-output>
          </reporter-output>
        </test-method> <!-- deleteUser -->
      </class> <!-- com.RestAPI.DeleteRequest -->
    </test> <!-- Default test -->
  </suite> <!-- Default suite -->
</testng-results>
